2020-09-16 18:52:21.806  INFO 7436 --- [main] lavalink.server.Launcher                 : 

[32m       .  [31m _                  _ _       _    [32m__ _ _
[32m      /\\ [31m| | __ ___   ____ _| (_)_ __ | | __[32m\ \ \ \
[32m     ( ( )[31m| |/ _` \ \ / / _` | | | '_ \| |/ /[32m \ \ \ \
[32m      \\/ [31m| | (_| |\ V / (_| | | | | | |   < [32m  ) ) ) )
[32m       '  [31m|_|\__,_| \_/ \__,_|_|_|_| |_|_|\_\[32m / / / /
[0m    =========================================[32m/_/_/_/[0m

	Version:        3.3.1.1
	Build:          1075
	Build time:     13.07.2020 09:09:23 UTC
	Branch          master
	Commit:         f6a1a2a
	Commit time:    13.07.2020 09:04:37 UTC
	JVM:            13
	Lavaplayer      1.3.50

2020-09-16 18:52:22.409  WARN 7436 --- [background-preinit] o.s.h.c.j.Jackson2ObjectMapperBuilder    : For Jackson Kotlin classes support please add "com.fasterxml.jackson.module:jackson-module-kotlin" to the classpath
2020-09-16 18:52:22.612  INFO 7436 --- [main] lavalink.server.Launcher                 : Starting Launcher on pc-hugo with PID 7436 (C:\Users\hugo\Desktop\philibert\Lavalink.jar started by hugo in C:\Users\hugo\Desktop\philibert)
2020-09-16 18:52:22.614  INFO 7436 --- [main] lavalink.server.Launcher                 : No active profile set, falling back to default profiles: default
2020-09-16 18:52:27.375  WARN 7436 --- [main] io.undertow.websockets.jsr               : UT026010: Buffer pool was not set on WebSocketDeploymentInfo, the default pool will be used
2020-09-16 18:52:27.446  INFO 7436 --- [main] io.undertow.servlet                      : Initializing Spring embedded WebApplicationContext
2020-09-16 18:52:27.447  INFO 7436 --- [main] o.s.web.context.ContextLoader            : Root WebApplicationContext: initialization completed in 4707 ms
2020-09-16 18:52:28.545  WARN 7436 --- [main] l.server.config.SentryConfiguration      : Turning off sentry
2020-09-16 18:52:28.571  INFO 7436 --- [main] l.s.c.AudioSendFactoryConfiguration      : OS: Windows 8.1, Arch: amd64
2020-09-16 18:52:28.572  INFO 7436 --- [main] l.s.c.AudioSendFactoryConfiguration      : JDA-NAS supported system detected. Enabled native audio sending.
2020-09-16 18:52:28.573  INFO 7436 --- [main] l.s.c.AudioSendFactoryConfiguration      : Setting buffer to 400ms
2020-09-16 18:52:28.575  INFO 7436 --- [main] l.s.c.AudioSendFactoryConfiguration      : Setting playlist load limit to 6
2020-09-16 18:52:30.048  INFO 7436 --- [main] c.s.d.l.tools.GarbageCollectionMonitor   : GC monitoring enabled, reporting results every 2 minutes.
2020-09-16 18:52:31.570  INFO 7436 --- [main] o.s.s.concurrent.ThreadPoolTaskExecutor  : Initializing ExecutorService 'applicationTaskExecutor'
2020-09-16 18:52:32.361  INFO 7436 --- [main] org.xnio                                 : XNIO version 3.3.8.Final
2020-09-16 18:52:32.420  INFO 7436 --- [main] org.xnio.nio                             : XNIO NIO Implementation Version 3.3.8.Final
2020-09-16 18:52:32.733  INFO 7436 --- [main] o.s.b.w.e.u.UndertowServletWebServer     : Undertow started on port(s) 8000 (http) with context path ''
2020-09-16 18:52:32.815  INFO 7436 --- [main] lavalink.server.Launcher                 : Started Launcher in 13.587 seconds (JVM running for 17.544)
2020-09-16 19:07:21.500  INFO 3888 --- [main] lavalink.server.Launcher                 : 

[32m       .  [31m _                  _ _       _    [32m__ _ _
[32m      /\\ [31m| | __ ___   ____ _| (_)_ __ | | __[32m\ \ \ \
[32m     ( ( )[31m| |/ _` \ \ / / _` | | | '_ \| |/ /[32m \ \ \ \
[32m      \\/ [31m| | (_| |\ V / (_| | | | | | |   < [32m  ) ) ) )
[32m       '  [31m|_|\__,_| \_/ \__,_|_|_|_| |_|_|\_\[32m / / / /
[0m    =========================================[32m/_/_/_/[0m

	Version:        3.3.1.1
	Build:          1075
	Build time:     13.07.2020 09:09:23 UTC
	Branch          master
	Commit:         f6a1a2a
	Commit time:    13.07.2020 09:04:37 UTC
	JVM:            13
	Lavaplayer      1.3.50

2020-09-16 19:07:21.696  INFO 3888 --- [main] lavalink.server.Launcher                 : Starting Launcher on pc-hugo with PID 3888 (C:\Users\hugo\Desktop\philibert\Lavalink.jar started by hugo in C:\Users\hugo\Desktop\philibert)
2020-09-16 19:07:21.698  INFO 3888 --- [main] lavalink.server.Launcher                 : No active profile set, falling back to default profiles: default
2020-09-16 19:07:21.865  WARN 3888 --- [background-preinit] o.s.h.c.j.Jackson2ObjectMapperBuilder    : For Jackson Kotlin classes support please add "com.fasterxml.jackson.module:jackson-module-kotlin" to the classpath
2020-09-16 19:07:24.144  WARN 3888 --- [main] io.undertow.websockets.jsr               : UT026010: Buffer pool was not set on WebSocketDeploymentInfo, the default pool will be used
2020-09-16 19:07:24.191  INFO 3888 --- [main] io.undertow.servlet                      : Initializing Spring embedded WebApplicationContext
2020-09-16 19:07:24.192  INFO 3888 --- [main] o.s.web.context.ContextLoader            : Root WebApplicationContext: initialization completed in 2395 ms
2020-09-16 19:07:24.732  WARN 3888 --- [main] l.server.config.SentryConfiguration      : Turning off sentry
2020-09-16 19:07:24.768  INFO 3888 --- [main] l.s.c.AudioSendFactoryConfiguration      : OS: Windows 8.1, Arch: amd64
2020-09-16 19:07:24.770  INFO 3888 --- [main] l.s.c.AudioSendFactoryConfiguration      : JDA-NAS supported system detected. Enabled native audio sending.
2020-09-16 19:07:24.776  INFO 3888 --- [main] l.s.c.AudioSendFactoryConfiguration      : Setting buffer to 400ms
2020-09-16 19:07:24.778  INFO 3888 --- [main] l.s.c.AudioSendFactoryConfiguration      : Setting playlist load limit to 6
2020-09-16 19:07:25.507  INFO 3888 --- [main] c.s.d.l.tools.GarbageCollectionMonitor   : GC monitoring enabled, reporting results every 2 minutes.
2020-09-16 19:07:26.490  INFO 3888 --- [main] o.s.s.concurrent.ThreadPoolTaskExecutor  : Initializing ExecutorService 'applicationTaskExecutor'
2020-09-16 19:07:27.244  INFO 3888 --- [main] org.xnio                                 : XNIO version 3.3.8.Final
2020-09-16 19:07:27.277  INFO 3888 --- [main] org.xnio.nio                             : XNIO NIO Implementation Version 3.3.8.Final
2020-09-16 19:07:27.512  INFO 3888 --- [main] o.s.b.w.e.u.UndertowServletWebServer     : Undertow started on port(s) 8000 (http) with context path ''
2020-09-16 19:07:27.518  INFO 3888 --- [main] lavalink.server.Launcher                 : Started Launcher in 7.205 seconds (JVM running for 7.937)
2020-09-16 21:02:36.474  INFO 7500 --- [main] lavalink.server.Launcher                 : 

[32m       .  [31m _                  _ _       _    [32m__ _ _
[32m      /\\ [31m| | __ ___   ____ _| (_)_ __ | | __[32m\ \ \ \
[32m     ( ( )[31m| |/ _` \ \ / / _` | | | '_ \| |/ /[32m \ \ \ \
[32m      \\/ [31m| | (_| |\ V / (_| | | | | | |   < [32m  ) ) ) )
[32m       '  [31m|_|\__,_| \_/ \__,_|_|_|_| |_|_|\_\[32m / / / /
[0m    =========================================[32m/_/_/_/[0m

	Version:        3.3.1.1
	Build:          1075
	Build time:     13.07.2020 09:09:23 UTC
	Branch          master
	Commit:         f6a1a2a
	Commit time:    13.07.2020 09:04:37 UTC
	JVM:            13
	Lavaplayer      1.3.50

2020-09-16 21:02:36.735  WARN 7500 --- [background-preinit] o.s.h.c.j.Jackson2ObjectMapperBuilder    : For Jackson Kotlin classes support please add "com.fasterxml.jackson.module:jackson-module-kotlin" to the classpath
2020-09-16 21:02:36.794  INFO 7500 --- [main] lavalink.server.Launcher                 : Starting Launcher on pc-hugo with PID 7500 (C:\Users\hugo\Desktop\philibert\Lavalink.jar started by hugo in C:\Users\hugo\Desktop\philibert)
2020-09-16 21:02:36.799  INFO 7500 --- [main] lavalink.server.Launcher                 : No active profile set, falling back to default profiles: default
2020-09-16 21:02:44.313  WARN 7500 --- [main] io.undertow.websockets.jsr               : UT026010: Buffer pool was not set on WebSocketDeploymentInfo, the default pool will be used
2020-09-16 21:02:44.505  INFO 7500 --- [main] io.undertow.servlet                      : Initializing Spring embedded WebApplicationContext
2020-09-16 21:02:44.506  INFO 7500 --- [main] o.s.web.context.ContextLoader            : Root WebApplicationContext: initialization completed in 7569 ms
2020-09-16 21:02:46.740  WARN 7500 --- [main] l.server.config.SentryConfiguration      : Turning off sentry
2020-09-16 21:02:46.784  INFO 7500 --- [main] l.s.c.AudioSendFactoryConfiguration      : OS: Windows 8.1, Arch: amd64
2020-09-16 21:02:46.787  INFO 7500 --- [main] l.s.c.AudioSendFactoryConfiguration      : JDA-NAS supported system detected. Enabled native audio sending.
2020-09-16 21:02:46.788  INFO 7500 --- [main] l.s.c.AudioSendFactoryConfiguration      : Setting buffer to 400ms
2020-09-16 21:02:46.789  INFO 7500 --- [main] l.s.c.AudioSendFactoryConfiguration      : Setting playlist load limit to 6
2020-09-16 21:02:56.236  INFO 7500 --- [main] c.s.d.l.tools.GarbageCollectionMonitor   : GC monitoring enabled, reporting results every 2 minutes.
2020-09-16 21:03:00.019  INFO 7500 --- [main] o.s.s.concurrent.ThreadPoolTaskExecutor  : Initializing ExecutorService 'applicationTaskExecutor'
2020-09-16 21:03:04.260  INFO 7500 --- [main] org.xnio                                 : XNIO version 3.3.8.Final
2020-09-16 21:03:04.414  INFO 7500 --- [main] org.xnio.nio                             : XNIO NIO Implementation Version 3.3.8.Final
2020-09-16 21:03:06.625  INFO 7500 --- [main] o.s.b.w.e.u.UndertowServletWebServer     : Undertow started on port(s) 8000 (http) with context path ''
2020-09-16 21:03:06.836  INFO 7500 --- [main] lavalink.server.Launcher                 : Started Launcher in 31.378 seconds (JVM running for 32.598)
